<?xml version="1.0" encoding="UTF-8"?>
<!-- Generated by org.testng.reporters.JUnitReportReporter -->
<testsuite skipped="0" hostname="DESKTOP-044PKM4" name="com.facebookAutomation.Facebook" tests="5" failures="0" timestamp="01 Nov 2020 08:55:40 GMT" time="3.978" errors="0">
  <testcase name="registration" time="0.965" classname="com.facebookAutomation.Facebook"/>
  <testcase name="enterDate" time="0.332" classname="com.facebookAutomation.Facebook"/>
  <testcase name="entermonth" time="1.207" classname="com.facebookAutomation.Facebook"/>
  <testcase name="enterYear" time="1.102" classname="com.facebookAutomation.Facebook"/>
  <testcase name="selectRadiobtn" time="0.372" classname="com.facebookAutomation.Facebook"/>
</testsuite> <!-- com.facebookAutomation.Facebook -->
